<?xml version="1.0" encoding="UTF-8"?>
<testng-results ignored="0" total="1" passed="1" failed="0" skipped="0">
  <reporter-output>
  </reporter-output>
  <suite started-at="2023-09-25T12:40:23 IST" name="Default suite" finished-at="2023-09-25T12:54:50 IST" duration-ms="866291">
    <groups>
    </groups>
    <test started-at="2023-09-25T12:40:23 IST" name="Default test" finished-at="2023-09-25T12:54:50 IST" duration-ms="866291">
      <class name="com.poshanabhiyan.PoshanAbhiyanTest">
        <test-method is-config="true" signature="openApplication()[pri:0, instance:com.poshanabhiyan.PoshanAbhiyanTest@34b7ac2f]" started-at="2023-09-25T12:40:23 IST" name="openApplication" finished-at="2023-09-25T12:40:49 IST" duration-ms="25518" status="PASS">
          <reporter-output>
          </reporter-output>
        </test-method> <!-- openApplication -->
        <test-method is-config="true" signature="startTestCase(java.lang.reflect.Method)[pri:0, instance:com.poshanabhiyan.PoshanAbhiyanTest@34b7ac2f]" started-at="2023-09-25T12:40:49 IST" name="startTestCase" finished-at="2023-09-25T12:40:49 IST" duration-ms="4" status="PASS">
          <params>
            <param index="0">
              <value>
                <![CDATA[public void com.poshanabhiyan.PoshanAbhiyanTest.PoshanAbhiyanData() throws java.lang.Exception]]>
              </value>
            </param>
          </params>
          <reporter-output>
          </reporter-output>
        </test-method> <!-- startTestCase -->
        <test-method signature="PoshanAbhiyanData()[pri:1, instance:com.poshanabhiyan.PoshanAbhiyanTest@34b7ac2f]" started-at="2023-09-25T12:40:49 IST" name="PoshanAbhiyanData" description="poshan abhiyaan data entry" finished-at="2023-09-25T12:54:46 IST" duration-ms="837351" status="PASS">
          <reporter-output>
          </reporter-output>
        </test-method> <!-- PoshanAbhiyanData -->
        <test-method is-config="true" signature="afterEachMethod(java.lang.reflect.Method)[pri:0, instance:com.poshanabhiyan.PoshanAbhiyanTest@34b7ac2f]" started-at="2023-09-25T12:54:46 IST" name="afterEachMethod" finished-at="2023-09-25T12:54:48 IST" duration-ms="1290" status="PASS">
          <params>
            <param index="0">
              <value>
                <![CDATA[public void com.poshanabhiyan.PoshanAbhiyanTest.PoshanAbhiyanData() throws java.lang.Exception]]>
              </value>
            </param>
          </params>
          <reporter-output>
          </reporter-output>
        </test-method> <!-- afterEachMethod -->
        <test-method is-config="true" signature="endTestCase(java.lang.reflect.Method)[pri:0, instance:com.poshanabhiyan.PoshanAbhiyanTest@34b7ac2f]" started-at="2023-09-25T12:54:48 IST" name="endTestCase" finished-at="2023-09-25T12:54:48 IST" duration-ms="1" status="PASS">
          <params>
            <param index="0">
              <value>
                <![CDATA[public void com.poshanabhiyan.PoshanAbhiyanTest.PoshanAbhiyanData() throws java.lang.Exception]]>
              </value>
            </param>
          </params>
          <reporter-output>
          </reporter-output>
        </test-method> <!-- endTestCase -->
        <test-method is-config="true" signature="tearDown()[pri:0, instance:com.poshanabhiyan.PoshanAbhiyanTest@34b7ac2f]" started-at="2023-09-25T12:54:48 IST" name="tearDown" finished-at="2023-09-25T12:54:50 IST" duration-ms="2066" status="PASS">
          <reporter-output>
          </reporter-output>
        </test-method> <!-- tearDown -->
      </class> <!-- com.poshanabhiyan.PoshanAbhiyanTest -->
    </test> <!-- Default test -->
  </suite> <!-- Default suite -->
</testng-results>
